<?xml version="1.0" encoding="UTF-8"?>
<robot generator="Robot 3.1.2 (Python 3.7.1 on win32)" generated="20191023 16:54:53.344" rpa="false">
<suite id="s1" name="Test2" source="C:\Users\CSITGIS\WebDemo-master\WebDemo-master\demoapp\html\Demo Robotframework\test2.robot">
<test id="s1-t1" name="Open Welcome Page">
<kw name="Open Browser" library="SeleniumLibrary">
<doc>Opens a new browser instance to the optional ``url``.</doc>
<arguments>
<arg>${SERVER}</arg>
<arg>${BROWSER}</arg>
</arguments>
<msg timestamp="20191023 16:54:53.464" level="INFO">Opening browser 'Chrome' to base url 'http://google.com'.</msg>
<status status="PASS" starttime="20191023 16:54:53.464" endtime="20191023 16:54:57.091"></status>
</kw>
<kw name="Input Text" library="SeleniumLibrary">
<doc>Types the given ``text`` into the text field identified by ``locator``.</doc>
<arguments>
<arg>q</arg>
<arg>www.cs.kku.ac.th</arg>
</arguments>
<msg timestamp="20191023 16:54:57.092" level="INFO">Typing text 'www.cs.kku.ac.th' into text field 'q'.</msg>
<status status="PASS" starttime="20191023 16:54:57.092" endtime="20191023 16:54:57.179"></status>
</kw>
<kw name="Submit Form" library="SeleniumLibrary">
<doc>Submits a form identified by ``locator``.</doc>
<msg timestamp="20191023 16:54:57.179" level="INFO">Submitting form 'None'.</msg>
<status status="PASS" starttime="20191023 16:54:57.179" endtime="20191023 16:54:57.917"></status>
</kw>
<kw name="Close Browser" library="SeleniumLibrary">
<doc>Closes the current browser.</doc>
<status status="PASS" starttime="20191023 16:54:57.917" endtime="20191023 16:55:00.001"></status>
</kw>
<status status="PASS" starttime="20191023 16:54:53.463" endtime="20191023 16:55:00.001" critical="yes"></status>
</test>
<status status="PASS" starttime="20191023 16:54:53.345" endtime="20191023 16:55:00.001"></status>
</suite>
<statistics>
<total>
<stat pass="1" fail="0">Critical Tests</stat>
<stat pass="1" fail="0">All Tests</stat>
</total>
<tag>
</tag>
<suite>
<stat pass="1" fail="0" id="s1" name="Test2">Test2</stat>
</suite>
</statistics>
<errors>
</errors>
</robot>
